<?xml version="1.0" encoding="UTF-8"?>
<!-- Generated by org.testng.reporters.JUnitXMLReporter -->
<testsuite ignored="0" hostname="Serendipity" failures="0" tests="8" name="Default test" time="7.619" errors="0" timestamp="07 Mar 2024 14:26:46 GMT">
  <testcase classname="com.crm.qa.testcases.HomeDashBoardTest" name="VerifyTitle" time="0.57"/>
  <testcase classname="com.crm.qa.testcases.HomeDashBoardTest" name="VerifyHomeBtn" time="0.092"/>
  <testcase classname="com.crm.qa.testcases.HomeDashBoardTest" name="VerifycustLoginBtn" time="0.064"/>
  <testcase classname="com.crm.qa.testcases.HomeDashBoardTest" name="VerifybankManagerLoginBtn" time="0.044"/>
  <testcase classname="com.crm.qa.testcases.HomeDashBoardTest" name="VerifyHomeBtnFunctionality" time="0.164"/>
  <testcase classname="com.crm.qa.testcases.HomeDashBoardTest" name="VerifycustLoginBtnFunctionality" time="0.455"/>
  <testcase classname="com.crm.qa.testcases.HomeDashBoardTest" name="VerifybankManagerLoginBtnFunctionality" time="0.476"/>
  <testcase classname="com.crm.qa.testcases.HomeDashBoardTest" name="VerifyNonAccountCustomersFunctionality" time="2.453"/>
</testsuite> <!-- Default test -->
