<?xml version="1.0" encoding="UTF-8"?>
<!-- Generated by org.testng.reporters.JUnitXMLReporter -->
<testsuite ignored="0" hostname="Serendipity" failures="7" tests="33" name="GWB-Tests-Firefox" time="71.025" errors="0" timestamp="08 Mar 2024 09:19:37 GMT">
  <testcase classname="com.crm.qa.testcases.HomeDashBoardTest" name="VerifyTitle" time="1.033"/>
  <testcase classname="com.crm.qa.testcases.HomeDashBoardTest" name="VerifyHomeBtn" time="0.077"/>
  <testcase classname="com.crm.qa.testcases.HomeDashBoardTest" name="VerifycustLoginBtn" time="0.048"/>
  <testcase classname="com.crm.qa.testcases.HomeDashBoardTest" name="VerifybankManagerLoginBtn" time="0.06"/>
  <testcase classname="com.crm.qa.testcases.HomeDashBoardTest" name="VerifyHomeBtnFunctionality" time="0.429"/>
  <testcase classname="com.crm.qa.testcases.HomeDashBoardTest" name="VerifycustLoginBtnFunctionality" time="0.604"/>
  <testcase classname="com.crm.qa.testcases.HomeDashBoardTest" name="VerifybankManagerLoginBtnFunctionality" time="0.567"/>
  <testcase classname="com.crm.qa.testcases.HomeDashBoardTest" name="VerifyNonAccountCustomersFunctionality" time="3.147"/>
  <testcase classname="com.crm.qa.testcases.BankManagerLoginFunctionalitiesTest" name="VerifyBankManagerLoginBtnFunctionality" time="1.603"/>
  <testcase classname="com.crm.qa.testcases.BankManagerLoginFunctionalitiesTest" name="VerifyBankManagerLogin" time="1.12"/>
  <testcase classname="com.crm.qa.testcases.BankManagerLoginFunctionalitiesTest" name="VerifyInvalidFnameBankManagerLogin" time="0.632">
    <failure type="java.lang.AssertionError" message="First name is containing special characters and numbers. New issue expected [Pop-up validation: Unexpected or no success message] but found [Pop-up validation: Customer added successfully]">
      <![CDATA[java.lang.AssertionError: First name is containing special characters and numbers. New issue expected [Pop-up validation: Unexpected or no success message] but found [Pop-up validation: Customer added successfully]
	at com.crm.qa.testcases.BankManagerLoginFunctionalitiesTest.VerifyInvalidFnameBankManagerLogin(BankManagerLoginFunctionalitiesTest.java:44)
... Removed 30 stack frames]]>
    </failure>
  </testcase> <!-- VerifyInvalidFnameBankManagerLogin -->
  <testcase classname="com.crm.qa.testcases.BankManagerLoginFunctionalitiesTest" name="VerifyInvalidLnameBankManagerLogin" time="0.633">
    <failure type="java.lang.AssertionError" message="Last name is containing special characters and numbers. New issue expected [Pop-up validation: Unexpected or no success message] but found [Pop-up validation: Customer added successfully]">
      <![CDATA[java.lang.AssertionError: Last name is containing special characters and numbers. New issue expected [Pop-up validation: Unexpected or no success message] but found [Pop-up validation: Customer added successfully]
	at com.crm.qa.testcases.BankManagerLoginFunctionalitiesTest.VerifyInvalidLnameBankManagerLogin(BankManagerLoginFunctionalitiesTest.java:49)
... Removed 30 stack frames]]>
    </failure>
  </testcase> <!-- VerifyInvalidLnameBankManagerLogin -->
  <testcase classname="com.crm.qa.testcases.BankManagerLoginFunctionalitiesTest" name="VerifyEmptyFieldBankManagerLogin" time="3.632"/>
  <testcase classname="com.crm.qa.testcases.BankManagerLoginFunctionalitiesTest" name="VerifyDuplicateBankManagerLogin" time="3.545"/>
  <testcase classname="com.crm.qa.testcases.BankManagerLoginFunctionalitiesTest" name="VerifyOpenAccountFunctionality" time="2.674"/>
  <testcase classname="com.crm.qa.testcases.BankManagerLoginFunctionalitiesTest" name="searchCustomersFunctionalityByName" time="0.734"/>
  <testcase classname="com.crm.qa.testcases.BankManagerLoginFunctionalitiesTest" name="searchCustomersFunctionalityByID" time="0.424"/>
  <testcase classname="com.crm.qa.testcases.BankManagerLoginFunctionalitiesTest" name="searchCustomersFunctionalityByPostCode" time="0.425"/>
  <testcase classname="com.crm.qa.testcases.BankManagerLoginFunctionalitiesTest" name="deleteCustomerFunctionality" time="1.279"/>
  <testcase classname="com.crm.qa.testcases.CustomerLoginFunctionalitiesTest" name="VerifycustLoginBtnFunctionality" time="1.901"/>
  <testcase classname="com.crm.qa.testcases.CustomerLoginFunctionalitiesTest" name="VerifyCustomerLogin" time="1.328"/>
  <testcase classname="com.crm.qa.testcases.CustomerLoginFunctionalitiesTest" name="depositValidAmount" time="0.924"/>
  <testcase classname="com.crm.qa.testcases.CustomerLoginFunctionalitiesTest" name="depositInValidAmount" time="0.624">
    <failure type="java.lang.AssertionError" message="No warning raised. New issue detected expected [Deposit Successful] but found [Invalid Input]">
      <![CDATA[java.lang.AssertionError: No warning raised. New issue detected expected [Deposit Successful] but found [Invalid Input]
	at com.crm.qa.testcases.CustomerLoginFunctionalitiesTest.depositInValidAmount(CustomerLoginFunctionalitiesTest.java:55)
... Removed 30 stack frames]]>
    </failure>
  </testcase> <!-- depositInValidAmount -->
  <testcase classname="com.crm.qa.testcases.CustomerLoginFunctionalitiesTest" name="depositDecimalAmount" time="0.669"/>
  <testcase classname="com.crm.qa.testcases.CustomerLoginFunctionalitiesTest" name="withdrawValidAmount" time="3.239"/>
  <testcase classname="com.crm.qa.testcases.CustomerLoginFunctionalitiesTest" name="withdrawInValidAmount" time="3.005">
    <failure type="java.lang.AssertionError" message="No warning raised. New issue detected expected [Transaction successful] but found [Invalid Input]">
      <![CDATA[java.lang.AssertionError: No warning raised. New issue detected expected [Transaction successful] but found [Invalid Input]
	at com.crm.qa.testcases.CustomerLoginFunctionalitiesTest.withdrawInValidAmount(CustomerLoginFunctionalitiesTest.java:76)
... Removed 30 stack frames]]>
    </failure>
  </testcase> <!-- withdrawInValidAmount -->
  <testcase classname="com.crm.qa.testcases.CustomerLoginFunctionalitiesTest" name="withdrawDecimalAmount" time="0.708"/>
  <testcase classname="com.crm.qa.testcases.CustomerLoginFunctionalitiesTest" name="withdrawInsufficientAmount" time="0.686"/>
  <testcase classname="com.crm.qa.testcases.CustomerLoginFunctionalitiesTest" name="transactionResetFunctionalities" time="1.032">
    <failure type="java.lang.AssertionError" message="No warning raised. Major Issue detected. Balance is resetting, too. expected [Data reset successful] but found [Data reset unsuccessful]">
      <![CDATA[java.lang.AssertionError: No warning raised. Major Issue detected. Balance is resetting, too. expected [Data reset successful] but found [Data reset unsuccessful]
	at com.crm.qa.testcases.CustomerLoginFunctionalitiesTest.transactionResetFunctionalities(CustomerLoginFunctionalitiesTest.java:95)
... Removed 30 stack frames]]>
    </failure>
  </testcase> <!-- transactionResetFunctionalities -->
  <testcase classname="com.crm.qa.testcases.CustomerLoginFunctionalitiesTest" name="transactionBackFunctionalities" time="0.105"/>
  <testcase classname="com.crm.qa.testcases.CustomerLoginFunctionalitiesTest" name="VerifyLogoutFunctionality" time="0.148"/>
  <testcase classname="com.crm.qa.testcases.CustomerLoginFunctionalitiesTest" name="VerifyPostLogoutFunctionality" time="0.169">
    <failure type="java.lang.AssertionError" message="Customer is able to visit the session after logging out. New issue expected [Customer is not able to visit the session after logging out.] but found [Customer is able to visit the session after logging out. New issue]">
      <![CDATA[java.lang.AssertionError: Customer is able to visit the session after logging out. New issue expected [Customer is not able to visit the session after logging out.] but found [Customer is able to visit the session after logging out. New issue]
	at com.crm.qa.testcases.CustomerLoginFunctionalitiesTest.VerifyPostLogoutFunctionality(CustomerLoginFunctionalitiesTest.java:115)
... Removed 30 stack frames]]>
    </failure>
  </testcase> <!-- VerifyPostLogoutFunctionality -->
  <testcase classname="com.crm.qa.testcases.CustomerLoginFunctionalitiesTest" name="VerifyredirectToNonaccessablePageFunctionality" time="0.178">
    <failure type="java.lang.AssertionError" message="Customer is able to access the account after logging out. New issue expected [Customer is not access the account after logging out.] but found [Customer is able to access the account after logging out. New issue]">
      <![CDATA[java.lang.AssertionError: Customer is able to access the account after logging out. New issue expected [Customer is not access the account after logging out.] but found [Customer is able to access the account after logging out. New issue]
	at com.crm.qa.testcases.CustomerLoginFunctionalitiesTest.VerifyredirectToNonaccessablePageFunctionality(CustomerLoginFunctionalitiesTest.java:120)
... Removed 30 stack frames]]>
    </failure>
  </testcase> <!-- VerifyredirectToNonaccessablePageFunctionality -->
</testsuite> <!-- GWB-Tests-Firefox -->
