<?xml version="1.0" encoding="UTF-8"?>
<!-- Generated by org.testng.reporters.JUnitXMLReporter -->
<testsuite ignored="0" hostname="Serendipity" failures="7" tests="33" name="GWB-Tests" time="33.129" errors="0" timestamp="07 Mar 2024 14:45:50 GMT">
  <testcase classname="com.crm.qa.testcases.HomeDashBoardTest" name="VerifyTitle" time="0.663"/>
  <testcase classname="com.crm.qa.testcases.HomeDashBoardTest" name="VerifyHomeBtn" time="0.101"/>
  <testcase classname="com.crm.qa.testcases.HomeDashBoardTest" name="VerifycustLoginBtn" time="0.071"/>
  <testcase classname="com.crm.qa.testcases.HomeDashBoardTest" name="VerifybankManagerLoginBtn" time="0.051"/>
  <testcase classname="com.crm.qa.testcases.HomeDashBoardTest" name="VerifyHomeBtnFunctionality" time="0.206"/>
  <testcase classname="com.crm.qa.testcases.HomeDashBoardTest" name="VerifycustLoginBtnFunctionality" time="0.537"/>
  <testcase classname="com.crm.qa.testcases.HomeDashBoardTest" name="VerifybankManagerLoginBtnFunctionality" time="0.507"/>
  <testcase classname="com.crm.qa.testcases.HomeDashBoardTest" name="VerifyNonAccountCustomersFunctionality" time="2.33"/>
  <testcase classname="com.crm.qa.testcases.BankManagerLoginFunctionalitiesTest" name="VerifyBankManagerLoginBtnFunctionality" time="1.071"/>
  <testcase classname="com.crm.qa.testcases.BankManagerLoginFunctionalitiesTest" name="VerifyBankManagerLogin" time="1.023"/>
  <testcase classname="com.crm.qa.testcases.BankManagerLoginFunctionalitiesTest" name="VerifyInvalidFnameBankManagerLogin" time="0.67">
    <failure type="java.lang.AssertionError" message="First name is containing special characters and numbers. New issue expected [Pop-up validation: Unexpected or no success message] but found [Pop-up validation: Customer added successfully]">
      <![CDATA[java.lang.AssertionError: First name is containing special characters and numbers. New issue expected [Pop-up validation: Unexpected or no success message] but found [Pop-up validation: Customer added successfully]
	at com.crm.qa.testcases.BankManagerLoginFunctionalitiesTest.VerifyInvalidFnameBankManagerLogin(BankManagerLoginFunctionalitiesTest.java:41)
... Removed 30 stack frames]]>
    </failure>
  </testcase> <!-- VerifyInvalidFnameBankManagerLogin -->
  <testcase classname="com.crm.qa.testcases.BankManagerLoginFunctionalitiesTest" name="VerifyInvalidLnameBankManagerLogin" time="0.694">
    <failure type="java.lang.AssertionError" message="Last name is containing special characters and numbers. New issue expected [Pop-up validation: Unexpected or no success message] but found [Pop-up validation: Customer added successfully]">
      <![CDATA[java.lang.AssertionError: Last name is containing special characters and numbers. New issue expected [Pop-up validation: Unexpected or no success message] but found [Pop-up validation: Customer added successfully]
	at com.crm.qa.testcases.BankManagerLoginFunctionalitiesTest.VerifyInvalidLnameBankManagerLogin(BankManagerLoginFunctionalitiesTest.java:46)
... Removed 30 stack frames]]>
    </failure>
  </testcase> <!-- VerifyInvalidLnameBankManagerLogin -->
  <testcase classname="com.crm.qa.testcases.BankManagerLoginFunctionalitiesTest" name="VerifyEmptyFieldBankManagerLogin" time="1.763"/>
  <testcase classname="com.crm.qa.testcases.BankManagerLoginFunctionalitiesTest" name="VerifyDuplicateBankManagerLogin" time="1.068"/>
  <testcase classname="com.crm.qa.testcases.BankManagerLoginFunctionalitiesTest" name="VerifyOpenAccountFunctionality" time="1.311"/>
  <testcase classname="com.crm.qa.testcases.BankManagerLoginFunctionalitiesTest" name="searchCustomersFunctionalityByName" time="0.787"/>
  <testcase classname="com.crm.qa.testcases.BankManagerLoginFunctionalitiesTest" name="searchCustomersFunctionalityByID" time="0.378"/>
  <testcase classname="com.crm.qa.testcases.BankManagerLoginFunctionalitiesTest" name="searchCustomersFunctionalityByPostCode" time="0.392"/>
  <testcase classname="com.crm.qa.testcases.BankManagerLoginFunctionalitiesTest" name="deleteCustomerFunctionality" time="0.973"/>
  <testcase classname="com.crm.qa.testcases.CustomerLoginFunctionalitiesTest" name="VerifycustLoginBtnFunctionality" time="1.176"/>
  <testcase classname="com.crm.qa.testcases.CustomerLoginFunctionalitiesTest" name="VerifyCustomerLogin" time="0.877"/>
  <testcase classname="com.crm.qa.testcases.CustomerLoginFunctionalitiesTest" name="depositValidAmount" time="0.895"/>
  <testcase classname="com.crm.qa.testcases.CustomerLoginFunctionalitiesTest" name="depositInValidAmount" time="0.528">
    <failure type="java.lang.AssertionError" message="No warning raised. New issue detected expected [Deposit Successful] but found [Invalid Input]">
      <![CDATA[java.lang.AssertionError: No warning raised. New issue detected expected [Deposit Successful] but found [Invalid Input]
	at com.crm.qa.testcases.CustomerLoginFunctionalitiesTest.depositInValidAmount(CustomerLoginFunctionalitiesTest.java:52)
... Removed 30 stack frames]]>
    </failure>
  </testcase> <!-- depositInValidAmount -->
  <testcase classname="com.crm.qa.testcases.CustomerLoginFunctionalitiesTest" name="depositDecimalAmount" time="0.5"/>
  <testcase classname="com.crm.qa.testcases.CustomerLoginFunctionalitiesTest" name="withdrawValidAmount" time="1.95"/>
  <testcase classname="com.crm.qa.testcases.CustomerLoginFunctionalitiesTest" name="withdrawInValidAmount" time="0.8">
    <failure type="java.lang.AssertionError" message="No warning raised. New issue detected expected [Transaction successful] but found [Invalid Input]">
      <![CDATA[java.lang.AssertionError: No warning raised. New issue detected expected [Transaction successful] but found [Invalid Input]
	at com.crm.qa.testcases.CustomerLoginFunctionalitiesTest.withdrawInValidAmount(CustomerLoginFunctionalitiesTest.java:73)
... Removed 30 stack frames]]>
    </failure>
  </testcase> <!-- withdrawInValidAmount -->
  <testcase classname="com.crm.qa.testcases.CustomerLoginFunctionalitiesTest" name="withdrawDecimalAmount" time="0.461"/>
  <testcase classname="com.crm.qa.testcases.CustomerLoginFunctionalitiesTest" name="withdrawInsufficientAmount" time="0.458"/>
  <testcase classname="com.crm.qa.testcases.CustomerLoginFunctionalitiesTest" name="transactionResetFunctionalities" time="0.667">
    <failure type="java.lang.AssertionError" message="No warning raised. Major Issue detected. Balance is resetting, too. expected [Data reset successful] but found [Data reset unsuccessful]">
      <![CDATA[java.lang.AssertionError: No warning raised. Major Issue detected. Balance is resetting, too. expected [Data reset successful] but found [Data reset unsuccessful]
	at com.crm.qa.testcases.CustomerLoginFunctionalitiesTest.transactionResetFunctionalities(CustomerLoginFunctionalitiesTest.java:92)
... Removed 30 stack frames]]>
    </failure>
  </testcase> <!-- transactionResetFunctionalities -->
  <testcase classname="com.crm.qa.testcases.CustomerLoginFunctionalitiesTest" name="transactionBackFunctionalities" time="0.145"/>
  <testcase classname="com.crm.qa.testcases.CustomerLoginFunctionalitiesTest" name="VerifyLogoutFunctionality" time="0.193"/>
  <testcase classname="com.crm.qa.testcases.CustomerLoginFunctionalitiesTest" name="VerifyPostLogoutFunctionality" time="0.209">
    <failure type="java.lang.AssertionError" message="Customer is able to visit the session after logging out. New issue expected [Customer is not able to visit the session after logging out.] but found [Customer is able to visit the session after logging out. New issue]">
      <![CDATA[java.lang.AssertionError: Customer is able to visit the session after logging out. New issue expected [Customer is not able to visit the session after logging out.] but found [Customer is able to visit the session after logging out. New issue]
	at com.crm.qa.testcases.CustomerLoginFunctionalitiesTest.VerifyPostLogoutFunctionality(CustomerLoginFunctionalitiesTest.java:112)
... Removed 30 stack frames]]>
    </failure>
  </testcase> <!-- VerifyPostLogoutFunctionality -->
  <testcase classname="com.crm.qa.testcases.CustomerLoginFunctionalitiesTest" name="VerifyredirectToNonaccessablePageFunctionality" time="0.216">
    <failure type="java.lang.AssertionError" message="Customer is able to access the account after logging out. New issue expected [Customer is not access the account after logging out.] but found [Customer is able to access the account after logging out. New issue]">
      <![CDATA[java.lang.AssertionError: Customer is able to access the account after logging out. New issue expected [Customer is not access the account after logging out.] but found [Customer is able to access the account after logging out. New issue]
	at com.crm.qa.testcases.CustomerLoginFunctionalitiesTest.VerifyredirectToNonaccessablePageFunctionality(CustomerLoginFunctionalitiesTest.java:117)
... Removed 30 stack frames]]>
    </failure>
  </testcase> <!-- VerifyredirectToNonaccessablePageFunctionality -->
</testsuite> <!-- GWB-Tests -->
